<?xml version="1.0" encoding="UTF-8"?>
<!-- Generated by org.testng.reporters.JUnitReportReporter -->
<testsuite hostname="anshumann-Aspire-A715-42G" failures="0" tests="1" name="omniengage.Nodes" time="107.532" errors="0" timestamp="2023-02-17T12:32:58 IST" skipped="0">
  <testcase classname="omniengage.Nodes" name="controller" time="107.532"/>
  <system-out/>
</testsuite> <!-- omniengage.Nodes -->
