<?xml version="1.0" encoding="UTF-8"?>
<!-- Generated by org.testng.reporters.JUnitReportReporter -->
<testsuite hostname="anshumann-Aspire-A715-42G" failures="0" tests="2" name="omniengage.Nodes" time="7.645" errors="0" timestamp="2023-01-10T11:24:25 IST" skipped="0">
  <testcase classname="omniengage.Nodes" name="Login" time="2.456"/>
  <system-out/>
  <testcase classname="omniengage.Nodes" name="Botmaker" time="5.189"/>
  <system-out/>
</testsuite> <!-- omniengage.Nodes -->
