<?xml version="1.0" encoding="UTF-8"?>
<!-- Generated by org.testng.reporters.JUnitReportReporter -->
<testsuite hostname="anshumann-Aspire-A715-42G" failures="0" tests="1" name="omniengage.Nodes" time="46.897" errors="0" timestamp="2023-01-17T17:09:54 IST" skipped="0">
  <testcase classname="omniengage.Nodes" name="controller" time="46.897"/>
  <system-out/>
</testsuite> <!-- omniengage.Nodes -->
