<?xml version="1.0" encoding="UTF-8"?>
<!-- Generated by org.testng.reporters.JUnitReportReporter -->
<testsuite hostname="anshumann-Aspire-A715-42G" failures="0" tests="1" name="omniengage.Nodes" time="56.144" errors="0" timestamp="2023-01-25T18:16:25 IST" skipped="0">
  <testcase classname="omniengage.Nodes" name="controller" time="56.144"/>
  <system-out/>
</testsuite> <!-- omniengage.Nodes -->
