<?xml version="1.0" encoding="UTF-8"?>
<!-- Generated by org.testng.reporters.JUnitReportReporter -->
<testsuite hostname="anshumann-Aspire-A715-42G" failures="0" tests="1" name="omniengage.Nodes" time="50.174" errors="0" timestamp="2023-01-20T18:14:24 IST" skipped="0">
  <testcase classname="omniengage.Nodes" name="controller" time="50.174"/>
  <system-out/>
</testsuite> <!-- omniengage.Nodes -->
