<?xml version="1.0" encoding="UTF-8"?>
<!-- Generated by org.testng.reporters.JUnitReportReporter -->
<testsuite hostname="anshumann-Aspire-A715-42G" failures="0" tests="5" name="omniengage.buttonnode" time="35.539" errors="0" timestamp="2023-01-17T11:59:51 IST" skipped="0">
  <testcase classname="omniengage.buttonnode" name="controller" time="20.478"/>
  <system-out/>
  <testcase classname="omniengage.buttonnode" name="Loginpage" time="2.763"/>
  <system-out/>
  <testcase classname="omniengage.buttonnode" name="BotmakerNode" time="5.315"/>
  <system-out/>
  <testcase classname="omniengage.buttonnode" name="dragndropNode" time="3.453"/>
  <system-out/>
  <testcase classname="omniengage.buttonnode" name="butnode" time="3.530"/>
  <system-out/>
</testsuite> <!-- omniengage.buttonnode -->
