<?xml version="1.0" encoding="UTF-8"?>
<!-- Generated by org.testng.reporters.JUnitReportReporter -->
<testsuite hostname="anshumann-Aspire-A715-42G" failures="0" tests="1" name="omniengage.Login" time="8.086" errors="0" timestamp="2023-01-16T16:38:19 IST" skipped="0">
  <testcase classname="omniengage.Login" name="Loginpage" time="8.086"/>
  <system-out/>
</testsuite> <!-- omniengage.Login -->
