<?xml version="1.0" encoding="UTF-8"?>
<!-- Generated by org.testng.reporters.JUnitReportReporter -->
<testsuite hostname="anshumann-Aspire-A715-42G" failures="0" tests="3" name="omniengage.Nodes" time="346.216" errors="0" timestamp="2023-03-02T14:42:43 IST" skipped="0">
  <testcase classname="omniengage.Nodes" name="controller" time="111.774"/>
  <system-out/>
  <testcase classname="omniengage.Nodes" name="controller" time="122.726"/>
  <system-out/>
  <testcase classname="omniengage.Nodes" name="controller" time="111.716"/>
  <system-out/>
</testsuite> <!-- omniengage.Nodes -->
