<?xml version="1.0" encoding="UTF-8"?>
<!-- Generated by org.testng.reporters.JUnitReportReporter -->
<testsuite hostname="anshumann-Aspire-A715-42G" failures="0" tests="1" name="omniengage.Nodes" time="16.308" errors="0" timestamp="2023-01-16T17:20:47 IST" skipped="0">
  <testcase classname="omniengage.Nodes" name="runner" time="16.308"/>
  <system-out/>
</testsuite> <!-- omniengage.Nodes -->
