<?xml version="1.0" encoding="UTF-8"?>
<!-- Generated by org.testng.reporters.JUnitReportReporter -->
<testsuite hostname="anshumann-Aspire-A715-42G" failures="0" tests="3" name="omniengage.Nodes" time="392.364" errors="0" timestamp="2023-03-27T17:17:03 IST" skipped="0">
  <testcase classname="omniengage.Nodes" name="controller" time="128.644"/>
  <system-out/>
  <testcase classname="omniengage.Nodes" name="controller" time="128.460"/>
  <system-out/>
  <testcase classname="omniengage.Nodes" name="controller" time="135.260"/>
  <system-out/>
</testsuite> <!-- omniengage.Nodes -->
