<?xml version="1.0" encoding="UTF-8"?>
<!-- Generated by org.testng.reporters.JUnitReportReporter -->
<testsuite hostname="anshumann-Aspire-A715-42G" failures="0" tests="1" name="omniengage.Login" time="3.168" errors="0" timestamp="2023-02-14T12:35:54 IST" skipped="0">
  <testcase classname="omniengage.Login" name="Loginpage" time="3.168"/>
  <system-out/>
</testsuite> <!-- omniengage.Login -->
