<?xml version="1.0" encoding="UTF-8"?>
<!-- Generated by org.testng.reporters.JUnitReportReporter -->
<testsuite hostname="anshumann-Aspire-A715-42G" failures="0" tests="3" name="omniengage.Nodes" time="327.080" errors="0" timestamp="2023-03-01T10:24:35 IST" skipped="0">
  <testcase classname="omniengage.Nodes" name="controller" time="115.794"/>
  <system-out/>
  <testcase classname="omniengage.Nodes" name="controller" time="105.599"/>
  <system-out/>
  <testcase classname="omniengage.Nodes" name="controller" time="105.687"/>
  <system-out/>
</testsuite> <!-- omniengage.Nodes -->
