<?xml version="1.0" encoding="UTF-8"?>
<!-- Generated by org.testng.reporters.JUnitReportReporter -->
<testsuite hostname="anshumann-Aspire-A715-42G" failures="0" tests="2" name="omniengage.Nodes" time="53.046" errors="0" timestamp="2023-04-06T09:02:34 CDT" skipped="0">
  <testcase classname="omniengage.Nodes" name="controller" time="26.423"/>
  <system-out/>
  <testcase classname="omniengage.Nodes" name="controller" time="26.623"/>
  <system-out/>
</testsuite> <!-- omniengage.Nodes -->
