<?xml version="1.0" encoding="UTF-8"?>
<!-- Generated by org.testng.reporters.JUnitReportReporter -->
<testsuite hostname="anshumann-Aspire-A715-42G" failures="0" tests="1" name="omniengage.Nodes" time="28.143" errors="0" timestamp="2023-01-17T12:42:50 IST" skipped="0">
  <testcase classname="omniengage.Nodes" name="controller" time="28.143"/>
  <system-out/>
</testsuite> <!-- omniengage.Nodes -->
