<?xml version="1.0" encoding="UTF-8"?>
<!-- Generated by org.testng.reporters.JUnitReportReporter -->
<testsuite hostname="anshumann-Aspire-A715-42G" failures="0" tests="1" name="omniengage.Nodes" time="80.897" errors="0" timestamp="2023-01-27T15:48:05 IST" skipped="0">
  <testcase classname="omniengage.Nodes" name="controller" time="80.897"/>
  <system-out/>
</testsuite> <!-- omniengage.Nodes -->
