<?xml version="1.0" encoding="UTF-8"?>
<!-- Generated by org.testng.reporters.JUnitReportReporter -->
<testsuite hostname="anshumann-Aspire-A715-42G" failures="0" tests="5" name="omniengage.Calculateresult" time="31.932" errors="0" timestamp="2023-01-16T17:35:39 IST" skipped="0">
  <testcase classname="omniengage.Calculateresult" name="Loginpage" time="7.780"/>
  <system-out/>
  <testcase classname="omniengage.Calculateresult" name="controller" time="15.542"/>
  <system-out/>
  <testcase classname="omniengage.Calculateresult" name="BotmakerNode" time="5.207"/>
  <system-out/>
  <testcase classname="omniengage.Calculateresult" name="dragndropNode" time="3.349"/>
  <system-out/>
  <testcase classname="omniengage.Calculateresult" name="Calcnode" time="0.054"/>
  <system-out/>
</testsuite> <!-- omniengage.Calculateresult -->
